<?xml version="1.0" encoding="UTF-8"?>
<robot generator="Robot 7.2 (Python 3.11.2 on win32)" generated="2025-01-25T13:57:21.943036" rpa="false" schemaversion="5">
<suite id="s1" name="7 Robot Basic" source="C:\Users\vdi-student\Desktop\PythonWawa25\zjazd04\7_robot_basic.robot">
<test id="s1-t1" name="Log in wikipedia" line="11">
<kw name="Open Browser" owner="SeleniumLibrary">
<msg time="2025-01-25T13:57:22.278089" level="INFO">Opening browser 'chrome' to base url 'https://pl.wikipedia.org'.</msg>
<arg>https://pl.wikipedia.org</arg>
<arg>chrome</arg>
<doc>Opens a new browser instance to the optional ``url``.</doc>
<status status="PASS" start="2025-01-25T13:57:22.278089" elapsed="2.018344"/>
</kw>
<kw name="Click Element" owner="SeleniumLibrary">
<msg time="2025-01-25T13:57:24.298406" level="INFO">Clicking element 'pt-login-2'.</msg>
<arg>pt-login-2</arg>
<doc>Click the element identified by ``locator``.</doc>
<status status="PASS" start="2025-01-25T13:57:24.297404" elapsed="0.990124"/>
</kw>
<kw name="Sleep" owner="BuiltIn">
<msg time="2025-01-25T13:57:26.292886" level="INFO">Slept 1 second.</msg>
<arg>1</arg>
<doc>Pauses the test executed for the given time.</doc>
<status status="PASS" start="2025-01-25T13:57:25.287528" elapsed="1.005358"/>
</kw>
<kw name="Input Text" owner="SeleniumLibrary">
<msg time="2025-01-25T13:57:26.292886" level="INFO">Typing text 'Kamil' into text field 'wpName1'.</msg>
<arg>wpName1</arg>
<arg>Kamil</arg>
<doc>Types the given ``text`` into the text field identified by ``locator``.</doc>
<status status="PASS" start="2025-01-25T13:57:26.292886" elapsed="0.101985"/>
</kw>
<kw name="Input Text" owner="SeleniumLibrary">
<msg time="2025-01-25T13:57:26.395830" level="INFO">Typing text 'Merito' into text field 'wpPassword1'.</msg>
<arg>wpPassword1</arg>
<arg>Merito</arg>
<doc>Types the given ``text`` into the text field identified by ``locator``.</doc>
<status status="PASS" start="2025-01-25T13:57:26.395830" elapsed="0.147850"/>
</kw>
<kw name="Sleep" owner="BuiltIn">
<msg time="2025-01-25T13:57:27.545080" level="INFO">Slept 1 second.</msg>
<arg>1</arg>
<doc>Pauses the test executed for the given time.</doc>
<status status="PASS" start="2025-01-25T13:57:26.543680" elapsed="1.001400"/>
</kw>
<kw name="Click Element" owner="SeleniumLibrary">
<msg time="2025-01-25T13:57:27.546219" level="INFO">Clicking element 'wpLoginAttempt'.</msg>
<arg>wpLoginAttempt</arg>
<doc>Click the element identified by ``locator``.</doc>
<status status="PASS" start="2025-01-25T13:57:27.545080" elapsed="1.339258"/>
</kw>
<kw name="Sleep" owner="BuiltIn">
<msg time="2025-01-25T13:57:29.885192" level="INFO">Slept 1 second.</msg>
<arg>1</arg>
<doc>Pauses the test executed for the given time.</doc>
<status status="PASS" start="2025-01-25T13:57:28.884956" elapsed="1.000345"/>
</kw>
<kw name="Close Browser" owner="SeleniumLibrary">
<doc>Closes the current browser.</doc>
<status status="PASS" start="2025-01-25T13:57:29.885301" elapsed="2.108864"/>
</kw>
<status status="PASS" start="2025-01-25T13:57:22.278089" elapsed="9.717080"/>
</test>
<status status="PASS" start="2025-01-25T13:57:21.943036" elapsed="10.053135"/>
</suite>
<statistics>
<total>
<stat pass="1" fail="0" skip="0">All Tests</stat>
</total>
<tag>
</tag>
<suite>
<stat name="7 Robot Basic" id="s1" pass="1" fail="0" skip="0">7 Robot Basic</stat>
</suite>
</statistics>
<errors>
</errors>
</robot>
